Сборка начата 10.05.2015 1:01:58.
     1>Проект "C:\Users\Oxana\Documents\GitHub\SystemOptimizer\Course\Course\Course.vcxproj" в узле 2 (целевые объекты Build).
     1>ClCompile:
         C:\Program Files (x86)\Microsoft Visual Studio 12.0\VC\bin\CL.exe /c /ZI /nologo /W3 /WX- /Od /Oy- /D WIN32 /D _DEBUG /D _CONSOLE /D _LIB /D _UNICODE /D UNICODE /Gm /EHsc /RTC1 /MDd /GS /fp:precise /Zc:wchar_t /Zc:forScope /Fo"Debug\\" /Fd"Debug\vc120.pdb" /Gd /TP /analyze- /errorReport:prompt findFile.cpp
         findFile.cpp
     1>c:\users\oxana\documents\github\systemoptimizer\course\course\findfile.cpp(52): warning C4390: ";": обнаружен пустой контролируемый оператор; это правильно?
     1>c:\users\oxana\documents\github\systemoptimizer\course\course\findfile.cpp(116): warning C4244: инициализация: преобразование "double" в "float", возможна потеря данных
     1>c:\users\oxana\documents\github\systemoptimizer\course\course\findfile.cpp(117): warning C4244: инициализация: преобразование "double" в "float", возможна потеря данных
     1>c:\users\oxana\documents\github\systemoptimizer\course\course\findfile.cpp(118): warning C4244: инициализация: преобразование "double" в "float", возможна потеря данных
     1>c:\users\oxana\documents\github\systemoptimizer\course\course\findfile.cpp(119): warning C4244: инициализация: преобразование "double" в "float", возможна потеря данных
     1>c:\users\oxana\documents\github\systemoptimizer\course\course\findfile.cpp(120): warning C4244: инициализация: преобразование "double" в "float", возможна потеря данных
     1>c:\users\oxana\documents\github\systemoptimizer\course\course\findfile.cpp(150): warning C4101: hOpen: неиспользованная локальная переменная
       Link:
         C:\Program Files (x86)\Microsoft Visual Studio 12.0\VC\bin\link.exe /ERRORREPORT:PROMPT /OUT:"C:\Users\Oxana\Documents\GitHub\SystemOptimizer\Course\Debug\Course.exe" /INCREMENTAL /NOLOGO shlwapi.lib kernel32.lib user32.lib gdi32.lib winspool.lib comdlg32.lib advapi32.lib shell32.lib ole32.lib oleaut32.lib uuid.lib odbc32.lib odbccp32.lib /MANIFEST /MANIFESTUAC:"level='asInvoker' uiAccess='false'" /manifest:embed /DEBUG /PDB:"C:\Users\Oxana\Documents\GitHub\SystemOptimizer\Course\Debug\Course.pdb" /SUBSYSTEM:CONSOLE /TLBID:1 /DYNAMICBASE /NXCOMPAT /IMPLIB:"C:\Users\Oxana\Documents\GitHub\SystemOptimizer\Course\Debug\Course.lib" /MACHINE:X86 Debug\findFile.obj
         Debug\mian.obj
         Debug\registry.obj
         Course.vcxproj -> C:\Users\Oxana\Documents\GitHub\SystemOptimizer\Course\Debug\Course.exe
     1>Сборка проекта "C:\Users\Oxana\Documents\GitHub\SystemOptimizer\Course\Course\Course.vcxproj" завершена (целевые объекты Build).

Сборка успешно завершена.

Затраченное время: 00:00:02.38
